<?xml version="1.0" encoding="UTF-8"?>
<!-- Generated by org.testng.reporters.JUnitReportReporter -->
<testsuite hostname="LPT2369" failures="0" tests="2" name="Test.TestCases1" time="25.586" errors="0" timestamp="2021-05-30T18:25:51 IST" skipped="0">
  <testcase classname="Test.TestCases1" name="loginPage" time="16.715"/>
  <system-out/>
  <testcase classname="Test.TestCases1" name="signup" time="8.871"/>
  <system-out/>
</testsuite> <!-- Test.TestCases1 -->
