<?xml version="1.0" encoding="UTF-8"?>
<!-- Generated by org.testng.reporters.JUnitReportReporter -->
<testsuite hostname="LPT2369" failures="0" tests="2" name="Test.TestCases1" time="42.282" errors="0" timestamp="2021-06-08T23:32:00 IST" skipped="0">
  <testcase classname="Test.TestCases1" name="loginPage" time="16.799"/>
  <system-out/>
  <testcase classname="Test.TestCases1" name="signup" time="25.483"/>
  <system-out/>
</testsuite> <!-- Test.TestCases1 -->
