<?xml version="1.0" encoding="UTF-8"?>
<!-- Generated by org.testng.reporters.JUnitReportReporter -->
<testsuite hostname="LPT2369" failures="0" tests="2" name="Test.TestCases1" time="29.646" errors="0" timestamp="2021-06-07T23:01:58 IST" skipped="0">
  <testcase classname="Test.TestCases1" name="loginPage" time="21.212"/>
  <system-out/>
  <testcase classname="Test.TestCases1" name="signup" time="8.434"/>
  <system-out/>
</testsuite> <!-- Test.TestCases1 -->
